[26-Feb-2020 21:40:45] NOTICE: fpm is running, pid 13581
[26-Feb-2020 21:40:45] NOTICE: ready to handle connections
[27-Feb-2020 12:44:28] NOTICE: Terminating ...
[27-Feb-2020 12:44:28] NOTICE: Terminating ...
[27-Feb-2020 12:44:28] NOTICE: exiting, bye-bye!
[27-Feb-2020 18:46:19] NOTICE: fpm is running, pid 18753
[27-Feb-2020 18:46:19] NOTICE: ready to handle connections
[27-Feb-2020 23:12:56] NOTICE: Terminating ...
[27-Feb-2020 23:12:56] NOTICE: Terminating ...
[27-Feb-2020 23:12:56] NOTICE: exiting, bye-bye!
[28-Feb-2020 13:09:10] NOTICE: fpm is running, pid 23983
[28-Feb-2020 13:09:10] NOTICE: ready to handle connections
[28-Feb-2020 13:43:56] NOTICE: Terminating ...
[28-Feb-2020 13:43:56] NOTICE: Terminating ...
[28-Feb-2020 13:43:56] NOTICE: exiting, bye-bye!
[28-Feb-2020 16:21:17] NOTICE: fpm is running, pid 26032
[28-Feb-2020 16:21:17] NOTICE: ready to handle connections
[29-Feb-2020 11:05:17] NOTICE: Terminating ...
[29-Feb-2020 11:05:17] NOTICE: Terminating ...
[29-Feb-2020 11:05:17] NOTICE: exiting, bye-bye!
[29-Feb-2020 11:05:25] NOTICE: fpm is running, pid 30203
[29-Feb-2020 11:05:25] NOTICE: ready to handle connections
[29-Feb-2020 11:12:36] NOTICE: Terminating ...
[29-Feb-2020 11:12:36] NOTICE: Terminating ...
[29-Feb-2020 11:12:36] NOTICE: exiting, bye-bye!
[29-Feb-2020 11:14:08] NOTICE: fpm is running, pid 30310
[29-Feb-2020 11:14:08] NOTICE: ready to handle connections
[29-Feb-2020 11:16:56] NOTICE: Terminating ...
[29-Feb-2020 11:16:56] NOTICE: Terminating ...
[29-Feb-2020 11:16:56] NOTICE: exiting, bye-bye!
[29-Feb-2020 11:17:00] NOTICE: fpm is running, pid 30384
[29-Feb-2020 11:17:00] NOTICE: ready to handle connections
[29-Feb-2020 17:35:31] NOTICE: Terminating ...
[29-Feb-2020 17:35:31] NOTICE: Terminating ...
[29-Feb-2020 17:35:31] NOTICE: exiting, bye-bye!
[01-Mar-2020 11:34:33] NOTICE: fpm is running, pid 34942
[01-Mar-2020 11:34:33] NOTICE: ready to handle connections
[02-Mar-2020 08:12:14] NOTICE: Terminating ...
[02-Mar-2020 08:12:14] NOTICE: Terminating ...
[02-Mar-2020 08:12:14] NOTICE: exiting, bye-bye!
[02-Mar-2020 19:57:01] NOTICE: fpm is running, pid 4878
[02-Mar-2020 19:57:01] NOTICE: ready to handle connections
[02-Mar-2020 21:23:37] NOTICE: Terminating ...
[02-Mar-2020 21:23:37] NOTICE: Terminating ...
[02-Mar-2020 21:23:37] NOTICE: exiting, bye-bye!
[03-Mar-2020 19:16:12] NOTICE: fpm is running, pid 11266
[03-Mar-2020 19:16:12] NOTICE: ready to handle connections
